<?xml version="1.0" encoding="UTF-8"?>
<!-- Generated by org.testng.reporters.JUnitReportReporter -->
<testsuite hostname="DESKTOP-R0B3DTJ" failures="0" tests="4" name="myPackage.TestClassOne" time="0.000" errors="0" timestamp="11 Dec 2018 10:10:01 GMT" skipped="1">
  <testcase classname="myPackage.TestClassOne" name="FourTest" time="0.000"/>
  <testcase classname="myPackage.TestClassOne" name="ThreeTest" time="0.000"/>
  <testcase classname="myPackage.TestClassOne" name="OneTest" time="0.000"/>
  <testcase classname="myPackage.TestClassOne" name="TwoTest">
    <skipped/>
  </testcase> <!-- TwoTest -->
</testsuite> <!-- myPackage.TestClassOne -->
