<?xml version="1.0" encoding="UTF-8"?>
<!-- Generated by org.testng.reporters.JUnitReportReporter -->
<testsuite hostname="DESKTOP-R0B3DTJ" failures="0" tests="1" name="myPackage.TestClass" time="13.785" errors="0" timestamp="11 Dec 2018 18:06:22 GMT" skipped="0">
  <testcase classname="myPackage.TestClass" name="TestMethod" time="13.785"/>
</testsuite> <!-- myPackage.TestClass -->
