<?xml version="1.0" encoding="UTF-8"?>
<!-- Generated by org.testng.reporters.JUnitReportReporter -->
<testsuite hostname="DESKTOP-R0B3DTJ" failures="0" tests="4" name="myTestPackage.SamplePackage" time="0.000" errors="0" timestamp="11 Dec 2018 07:44:45 GMT" skipped="0">
  <testcase classname="myTestPackage.SamplePackage" name="FirstMethod" time="0.000"/>
  <testcase classname="myTestPackage.SamplePackage" name="ThirdMethod" time="0.000"/>
  <testcase classname="myTestPackage.SamplePackage" name="FourthMethod" time="0.000"/>
  <testcase classname="myTestPackage.SamplePackage" name="SecondMethod" time="0.000"/>
</testsuite> <!-- myTestPackage.SamplePackage -->
